<?xml version="1.0" encoding="UTF-8"?>
<testsuite xmlns:xsi="http://www.w3.org/2001/XMLSchema-instance" xsi:noNamespaceSchemaLocation="https://maven.apache.org/surefire/maven-surefire-plugin/xsd/surefire-test-report.xsd" name="com.eldem.testDrivenDevelopment.AppTest" time="0.057" tests="5" errors="0" skipped="0" failures="0">
  <properties>
[...]
</properties>
  <testcase name="successFibonacciTest" classname="com.eldem.testDrivenDevelopment.AppTest" time="0.019"/>
  <testcase name="successFlag" classname="com.eldem.testDrivenDevelopment.AppTest" time="0.024"/>
  <testcase name="successSquareTest" classname="com.eldem.testDrivenDevelopment.AppTest" time="0.001"/>
  <testcase name="failFibonacciTest" classname="com.eldem.testDrivenDevelopment.AppTest" time="0.001"/>
  <testcase name="failSquareTest" classname="com.eldem.testDrivenDevelopment.AppTest" time="0.001"/>
</testsuite>